Сборка начата 28.09.2015 17:00:53.
     1>Проект "E:\институт\WindowsFormsApplication1\WindowsFormsApplication1\WindowsFormsApplication1\WindowsFormsApplication1\WindowsFormsApplication1\WindowsFormsApplication1.vcxproj" в узле 2 (целевые объекты Build).
     1>ClCompile:
         C:\Program Files (x86)\Microsoft Visual Studio 12.0\VC\bin\CL.exe /c /AI"C:\Program Files (x86)\Reference Assemblies\Microsoft\Framework\.NETFramework\v4.5\\" /AI"C:\Program Files (x86)\Windows Kits\8.1\References\CommonConfiguration\Neutral" /AI"C:\Program Files (x86)\Reference Assemblies\Microsoft\Framework\.NETFramework\v4.5\Facades\\" /Zi /clr:pure /nologo /W3 /WX- /O2 /Oy- /D WIN32 /D NDEBUG /D _UNICODE /D UNICODE /EHa /MD /GS /fp:precise /Zc:wchar_t /Zc:forScope /Yc"stdafx.h" /Fp"Release\WindowsFormsApplication1.pch" /Fo"Release\\" /Fd"Release\vc120.pdb" /TP /FU"C:\Program Files (x86)\Reference Assemblies\Microsoft\Framework\.NETFramework\v4.5\mscorlib.dll" /FU"C:\Program Files (x86)\Reference Assemblies\Microsoft\Framework\.NETFramework\v4.5\System.Data.dll" /FU"C:\Program Files (x86)\Reference Assemblies\Microsoft\Framework\.NETFramework\v4.5\System.dll" /FU"C:\Program Files (x86)\Reference Assemblies\Microsoft\Framework\.NETFramework\v4.5\System.Drawing.dll" /FU"C:\Program Files (x86)\Reference Assemblies\Microsoft\Framework\.NETFramework\v4.5\System.Windows.Forms.dll" /FU"C:\Program Files (x86)\Reference Assemblies\Microsoft\Framework\.NETFramework\v4.5\System.Xml.dll" /analyze- /errorReport:prompt /clr:nostdlib stdafx.cpp
         stdafx.cpp
         C:\Program Files (x86)\Microsoft Visual Studio 12.0\VC\bin\CL.exe /c /AI"C:\Program Files (x86)\Reference Assemblies\Microsoft\Framework\.NETFramework\v4.5\\" /AI"C:\Program Files (x86)\Windows Kits\8.1\References\CommonConfiguration\Neutral" /AI"C:\Program Files (x86)\Reference Assemblies\Microsoft\Framework\.NETFramework\v4.5\Facades\\" /Zi /clr:pure /nologo /W3 /WX- /O2 /Oy- /D WIN32 /D NDEBUG /D _UNICODE /D UNICODE /EHa /MD /GS /fp:precise /Zc:wchar_t /Zc:forScope /Yu"stdafx.h" /Fp"Release\WindowsFormsApplication1.pch" /Fo"Release\\" /Fd"Release\vc120.pdb" /TP /FU"C:\Program Files (x86)\Reference Assemblies\Microsoft\Framework\.NETFramework\v4.5\mscorlib.dll" /FU"C:\Program Files (x86)\Reference Assemblies\Microsoft\Framework\.NETFramework\v4.5\System.Data.dll" /FU"C:\Program Files (x86)\Reference Assemblies\Microsoft\Framework\.NETFramework\v4.5\System.dll" /FU"C:\Program Files (x86)\Reference Assemblies\Microsoft\Framework\.NETFramework\v4.5\System.Drawing.dll" /FU"C:\Program Files (x86)\Reference Assemblies\Microsoft\Framework\.NETFramework\v4.5\System.Windows.Forms.dll" /FU"C:\Program Files (x86)\Reference Assemblies\Microsoft\Framework\.NETFramework\v4.5\System.Xml.dll" /analyze- /errorReport:prompt /clr:nostdlib AssemblyInfo.cpp Del.cpp GenericMatrix.cpp Matrix.cpp Save.cpp WindowsFormsApplication1.cpp
         AssemblyInfo.cpp
     1>AssemblyInfo.cpp(40): warning C4947: RequestMinimum: помечен как устаревший
                 Сообщение: "Assembly level declarative security is obsolete and is no longer enforced by the CLR by default. See http://go.microsoft.com/fwlink/?LinkID=155570 for more information."
         Del.cpp
         GenericMatrix.cpp
     1>e:\институт\windowsformsapplication1\windowsformsapplication1\windowsformsapplication1\windowsformsapplication1\windowsformsapplication1\GenericMatrix.h(130): error C2664: "HANDLE CreateFileW(LPCWSTR,DWORD,DWORD,LPSECURITY_ATTRIBUTES,DWORD,DWORD,HANDLE)": невозможно преобразовать аргумент 1 из "const char [8]" в "LPCWSTR"
                 Типы, на которые указывают указатели, не связаны; для преобразования требуется reinterpret_cast, приведение в стиле С или приведение в стиле функции
         Matrix.cpp
         Save.cpp
     1>e:\институт\windowsformsapplication1\windowsformsapplication1\windowsformsapplication1\windowsformsapplication1\windowsformsapplication1\Save.h(105): error C2664: "HANDLE CreateFileW(LPCWSTR,DWORD,DWORD,LPSECURITY_ATTRIBUTES,DWORD,DWORD,HANDLE)": невозможно преобразовать аргумент 1 из "const char [8]" в "LPCWSTR"
                 Типы, на которые указывают указатели, не связаны; для преобразования требуется reinterpret_cast, приведение в стиле С или приведение в стиле функции
         WindowsFormsApplication1.cpp
     1>e:\институт\windowsformsapplication1\windowsformsapplication1\windowsformsapplication1\windowsformsapplication1\windowsformsapplication1\Save.h(105): error C2664: "HANDLE CreateFileW(LPCWSTR,DWORD,DWORD,LPSECURITY_ATTRIBUTES,DWORD,DWORD,HANDLE)": невозможно преобразовать аргумент 1 из "const char [8]" в "LPCWSTR"
                 Типы, на которые указывают указатели, не связаны; для преобразования требуется reinterpret_cast, приведение в стиле С или приведение в стиле функции
     1>e:\институт\windowsformsapplication1\windowsformsapplication1\windowsformsapplication1\windowsformsapplication1\windowsformsapplication1\GenericMatrix.h(130): error C2664: "HANDLE CreateFileW(LPCWSTR,DWORD,DWORD,LPSECURITY_ATTRIBUTES,DWORD,DWORD,HANDLE)": невозможно преобразовать аргумент 1 из "const char [8]" в "LPCWSTR"
                 Типы, на которые указывают указатели, не связаны; для преобразования требуется reinterpret_cast, приведение в стиле С или приведение в стиле функции
     1>e:\институт\windowsformsapplication1\windowsformsapplication1\windowsformsapplication1\windowsformsapplication1\windowsformsapplication1\PetriNet.h(28): warning C4129: V: неизвестная escape-последовательность
     1>e:\институт\windowsformsapplication1\windowsformsapplication1\windowsformsapplication1\windowsformsapplication1\windowsformsapplication1\PetriNet.h(29): warning C4129: N: неизвестная escape-последовательность
     1>e:\институт\windowsformsapplication1\windowsformsapplication1\windowsformsapplication1\windowsformsapplication1\windowsformsapplication1\PetriNet.h(347): error C2664: "HANDLE CreateFileW(LPCWSTR,DWORD,DWORD,LPSECURITY_ATTRIBUTES,DWORD,DWORD,HANDLE)": невозможно преобразовать аргумент 1 из "char *" в "LPCWSTR"
                 Типы, на которые указывают указатели, не связаны; для преобразования требуется reinterpret_cast, приведение в стиле С или приведение в стиле функции
     1>e:\институт\windowsformsapplication1\windowsformsapplication1\windowsformsapplication1\windowsformsapplication1\windowsformsapplication1\Form1.h(301): warning C4965: неявная упаковка целого числа 0; используйте nullptr или явное приведение типов
     1>e:\институт\windowsformsapplication1\windowsformsapplication1\windowsformsapplication1\windowsformsapplication1\windowsformsapplication1\Form1.h(304): warning C4965: неявная упаковка целого числа 0; используйте nullptr или явное приведение типов
     1>e:\институт\windowsformsapplication1\windowsformsapplication1\windowsformsapplication1\windowsformsapplication1\windowsformsapplication1\Form1.h(315): warning C4965: неявная упаковка целого числа 0; используйте nullptr или явное приведение типов
     1>e:\институт\windowsformsapplication1\windowsformsapplication1\windowsformsapplication1\windowsformsapplication1\windowsformsapplication1\Form1.h(323): warning C4965: неявная упаковка целого числа 0; используйте nullptr или явное приведение типов
     1>e:\институт\windowsformsapplication1\windowsformsapplication1\windowsformsapplication1\windowsformsapplication1\windowsformsapplication1\Form1.h(328): warning C4965: неявная упаковка целого числа 0; используйте nullptr или явное приведение типов
     1>e:\институт\windowsformsapplication1\windowsformsapplication1\windowsformsapplication1\windowsformsapplication1\windowsformsapplication1\Form1.h(563): error C2664: "HANDLE CreateFileW(LPCWSTR,DWORD,DWORD,LPSECURITY_ATTRIBUTES,DWORD,DWORD,HANDLE)": невозможно преобразовать аргумент 1 из "const char [8]" в "LPCWSTR"
                 Типы, на которые указывают указатели, не связаны; для преобразования требуется reinterpret_cast, приведение в стиле С или приведение в стиле функции
     1>e:\институт\windowsformsapplication1\windowsformsapplication1\windowsformsapplication1\windowsformsapplication1\windowsformsapplication1\Form1.h(568): error C2664: "BOOL DeleteFile(LPCTSTR)": невозможно преобразовать аргумент 1 из "const char [8]" в "LPCTSTR"
                 Типы, на которые указывают указатели, не связаны; для преобразования требуется reinterpret_cast, приведение в стиле С или приведение в стиле функции
     1>e:\институт\windowsformsapplication1\windowsformsapplication1\windowsformsapplication1\windowsformsapplication1\windowsformsapplication1\Form1.h(569): error C2664: "HANDLE CreateFileW(LPCWSTR,DWORD,DWORD,LPSECURITY_ATTRIBUTES,DWORD,DWORD,HANDLE)": невозможно преобразовать аргумент 1 из "const char *" в "LPCWSTR"
                 Типы, на которые указывают указатели, не связаны; для преобразования требуется reinterpret_cast, приведение в стиле С или приведение в стиле функции
     1>e:\институт\windowsformsapplication1\windowsformsapplication1\windowsformsapplication1\windowsformsapplication1\windowsformsapplication1\Form1.h(602): error C2664: "HANDLE CreateFileW(LPCWSTR,DWORD,DWORD,LPSECURITY_ATTRIBUTES,DWORD,DWORD,HANDLE)": невозможно преобразовать аргумент 1 из "char *" в "LPCWSTR"
                 Типы, на которые указывают указатели, не связаны; для преобразования требуется reinterpret_cast, приведение в стиле С или приведение в стиле функции
     1>e:\институт\windowsformsapplication1\windowsformsapplication1\windowsformsapplication1\windowsformsapplication1\windowsformsapplication1\Form1.h(678): error C2664: "HANDLE CreateFileW(LPCWSTR,DWORD,DWORD,LPSECURITY_ATTRIBUTES,DWORD,DWORD,HANDLE)": невозможно преобразовать аргумент 1 из "const char [8]" в "LPCWSTR"
                 Типы, на которые указывают указатели, не связаны; для преобразования требуется reinterpret_cast, приведение в стиле С или приведение в стиле функции
     1>e:\институт\windowsformsapplication1\windowsformsapplication1\windowsformsapplication1\windowsformsapplication1\windowsformsapplication1\Form1.h(684): error C2664: "BOOL DeleteFile(LPCTSTR)": невозможно преобразовать аргумент 1 из "const char [8]" в "LPCTSTR"
                 Типы, на которые указывают указатели, не связаны; для преобразования требуется reinterpret_cast, приведение в стиле С или приведение в стиле функции
     1>e:\институт\windowsformsapplication1\windowsformsapplication1\windowsformsapplication1\windowsformsapplication1\windowsformsapplication1\Form1.h(685): error C2664: "HANDLE CreateFileW(LPCWSTR,DWORD,DWORD,LPSECURITY_ATTRIBUTES,DWORD,DWORD,HANDLE)": невозможно преобразовать аргумент 1 из "const char *" в "LPCWSTR"
                 Типы, на которые указывают указатели, не связаны; для преобразования требуется reinterpret_cast, приведение в стиле С или приведение в стиле функции
     1>e:\институт\windowsformsapplication1\windowsformsapplication1\windowsformsapplication1\windowsformsapplication1\windowsformsapplication1\Form1.h(764): error C2664: "HANDLE CreateFileW(LPCWSTR,DWORD,DWORD,LPSECURITY_ATTRIBUTES,DWORD,DWORD,HANDLE)": невозможно преобразовать аргумент 1 из "const char [8]" в "LPCWSTR"
                 Типы, на которые указывают указатели, не связаны; для преобразования требуется reinterpret_cast, приведение в стиле С или приведение в стиле функции
     1>e:\институт\windowsformsapplication1\windowsformsapplication1\windowsformsapplication1\windowsformsapplication1\windowsformsapplication1\Form1.h(770): error C2664: "BOOL DeleteFile(LPCTSTR)": невозможно преобразовать аргумент 1 из "const char [8]" в "LPCTSTR"
                 Типы, на которые указывают указатели, не связаны; для преобразования требуется reinterpret_cast, приведение в стиле С или приведение в стиле функции
         Создание кода...
     1>Сборка проекта "E:\институт\WindowsFormsApplication1\WindowsFormsApplication1\WindowsFormsApplication1\WindowsFormsApplication1\WindowsFormsApplication1\WindowsFormsApplication1.vcxproj" завершена (целевые объекты Build) с ошибкой.

Ошибка сборки.

Затраченное время: 00:00:05.51
