d:\documents\for_the_university\грант\windowsformsapplication14\windowsformsapplication1\windowsformsapplication1\debug\windowsformsapplication1.pch
d:\documents\for_the_university\грант\windowsformsapplication14\windowsformsapplication1\windowsformsapplication1\debug\stdafx.obj
d:\documents\for_the_university\грант\windowsformsapplication14\windowsformsapplication1\windowsformsapplication1\debug\vc110.pdb
d:\documents\for_the_university\грант\windowsformsapplication14\windowsformsapplication1\windowsformsapplication1\debug\windowsformsapplication1.obj
d:\documents\for_the_university\грант\windowsformsapplication14\windowsformsapplication1\windowsformsapplication1\debug\save.obj
d:\documents\for_the_university\грант\windowsformsapplication14\windowsformsapplication1\windowsformsapplication1\debug\matrix.obj
d:\documents\for_the_university\грант\windowsformsapplication14\windowsformsapplication1\windowsformsapplication1\debug\genericmatrix.obj
d:\documents\for_the_university\грант\windowsformsapplication14\windowsformsapplication1\windowsformsapplication1\debug\del.obj
d:\documents\for_the_university\грант\windowsformsapplication14\windowsformsapplication1\windowsformsapplication1\debug\assemblyinfo.obj
d:\documents\for_the_university\грант\windowsformsapplication14\windowsformsapplication1\windowsformsapplication1\debug\.netframework,version=v4.5.assemblyattributes.obj
d:\documents\for_the_university\грант\windowsformsapplication14\windowsformsapplication1\debug\windowsformsapplication1.ilk
d:\documents\for_the_university\грант\windowsformsapplication14\windowsformsapplication1\debug\windowsformsapplication1.exe
d:\documents\for_the_university\грант\windowsformsapplication14\windowsformsapplication1\debug\windowsformsapplication1.pdb
d:\documents\for_the_university\грант\windowsformsapplication14\windowsformsapplication1\windowsformsapplication1\debug\app.res
d:\documents\for_the_university\грант\windowsformsapplication14\windowsformsapplication1\windowsformsapplication1\debug\windowsformsapplication1.form1.resources
d:\documents\for_the_university\грант\windowsformsapplication14\windowsformsapplication1\windowsformsapplication1\debug\windowsformsapplication1.genericmatrix.resources
d:\documents\for_the_university\грант\windowsformsapplication14\windowsformsapplication1\windowsformsapplication1\debug\windowsformsapplication1.save.resources
d:\documents\for_the_university\грант\windowsformsapplication14\windowsformsapplication1\windowsformsapplication1\debug\windowsformsapplication1.form1.az-cyrl.resources
d:\documents\for_the_university\грант\windowsformsapplication14\windowsformsapplication1\debug\az-cyrl\windowsformsapplication1.resources.dll
e:\грант\windowsformsapplication14\windowsformsapplication14\windowsformsapplication1\windowsformsapplication1\debug\windowsformsapplication1.pch
e:\грант\windowsformsapplication14\windowsformsapplication14\windowsformsapplication1\windowsformsapplication1\debug\vc120.pdb
e:\грант\windowsformsapplication14\windowsformsapplication14\windowsformsapplication1\windowsformsapplication1\debug\stdafx.obj
e:\грант\windowsformsapplication14\windowsformsapplication14\windowsformsapplication1\windowsformsapplication1\debug\windowsformsapplication1.obj
e:\грант\windowsformsapplication14\windowsformsapplication14\windowsformsapplication1\windowsformsapplication1\debug\save.obj
e:\грант\windowsformsapplication14\windowsformsapplication14\windowsformsapplication1\windowsformsapplication1\debug\matrix.obj
e:\грант\windowsformsapplication14\windowsformsapplication14\windowsformsapplication1\windowsformsapplication1\debug\genericmatrix.obj
e:\грант\windowsformsapplication14\windowsformsapplication14\windowsformsapplication1\windowsformsapplication1\debug\del.obj
e:\грант\windowsformsapplication14\windowsformsapplication14\windowsformsapplication1\windowsformsapplication1\debug\assemblyinfo.obj
e:\грант\windowsformsapplication14\windowsformsapplication14\windowsformsapplication1\debug\windowsformsapplication1.exe
e:\грант\windowsformsapplication14\windowsformsapplication14\windowsformsapplication1\debug\windowsformsapplication1.pdb
e:\грант\windowsformsapplication14\windowsformsapplication14\windowsformsapplication1\windowsformsapplication1\debug\app.res
e:\грант\windowsformsapplication14\windowsformsapplication14\windowsformsapplication1\windowsformsapplication1\debug\windowsformsapplication1.form1.resources
e:\грант\windowsformsapplication14\windowsformsapplication14\windowsformsapplication1\windowsformsapplication1\debug\windowsformsapplication1.genericmatrix.resources
e:\грант\windowsformsapplication14\windowsformsapplication14\windowsformsapplication1\windowsformsapplication1\debug\windowsformsapplication1.save.resources
e:\грант\windowsformsapplication14\windowsformsapplication14\windowsformsapplication1\windowsformsapplication1\debug\windowsformsapplication1.form1.az-cyrl.resources
e:\грант\windowsformsapplication14\windowsformsapplication14\windowsformsapplication1\debug\az-cyrl\windowsformsapplication1.resources.dll
e:\грант\windowsformsapplication14\windowsformsapplication14\windowsformsapplication1\windowsformsapplication1\debug\windowsformsapplication1.vcxproj.generateresource.cache
e:\грант\windowsformsapplication14\windowsformsapplication14\windowsformsapplication1\windowsformsapplication1\debug\windowsformsapplication1.vcxprojresolveassemblyreference.cache
e:\грант\windowsformsapplication14\windowsformsapplication14\windowsformsapplication1\windowsformsapplication1\debug\.netframework,version=v4.5.assemblyattributes.obj
e:\грант\windowsformsapplication14\windowsformsapplication14\windowsformsapplication1\windowsformsapplication1\debug\cl.command.1.tlog
e:\грант\windowsformsapplication14\windowsformsapplication14\windowsformsapplication1\windowsformsapplication1\debug\cl.read.1.tlog
e:\грант\windowsformsapplication14\windowsformsapplication14\windowsformsapplication1\windowsformsapplication1\debug\cl.write.1.tlog
e:\грант\windowsformsapplication14\windowsformsapplication14\windowsformsapplication1\windowsformsapplication1\debug\link.2952-cvtres.read.1.tlog
e:\грант\windowsformsapplication14\windowsformsapplication14\windowsformsapplication1\windowsformsapplication1\debug\link.2952-cvtres.write.1.tlog
e:\грант\windowsformsapplication14\windowsformsapplication14\windowsformsapplication1\windowsformsapplication1\debug\link.2952-rc.read.1.tlog
e:\грант\windowsformsapplication14\windowsformsapplication14\windowsformsapplication1\windowsformsapplication1\debug\link.2952-rc.write.1.tlog
e:\грант\windowsformsapplication14\windowsformsapplication14\windowsformsapplication1\windowsformsapplication1\debug\link.2952.read.1.tlog
e:\грант\windowsformsapplication14\windowsformsapplication14\windowsformsapplication1\windowsformsapplication1\debug\link.2952.write.1.tlog
e:\грант\windowsformsapplication14\windowsformsapplication14\windowsformsapplication1\windowsformsapplication1\debug\link.6584-cvtres.read.1.tlog
e:\грант\windowsformsapplication14\windowsformsapplication14\windowsformsapplication1\windowsformsapplication1\debug\link.6584-cvtres.write.1.tlog
e:\грант\windowsformsapplication14\windowsformsapplication14\windowsformsapplication1\windowsformsapplication1\debug\link.6584-rc.read.1.tlog
e:\грант\windowsformsapplication14\windowsformsapplication14\windowsformsapplication1\windowsformsapplication1\debug\link.6584-rc.write.1.tlog
e:\грант\windowsformsapplication14\windowsformsapplication14\windowsformsapplication1\windowsformsapplication1\debug\link.6584.read.1.tlog
e:\грант\windowsformsapplication14\windowsformsapplication14\windowsformsapplication1\windowsformsapplication1\debug\link.6584.write.1.tlog
e:\грант\windowsformsapplication14\windowsformsapplication14\windowsformsapplication1\windowsformsapplication1\debug\link.6748-cvtres.read.1.tlog
e:\грант\windowsformsapplication14\windowsformsapplication14\windowsformsapplication1\windowsformsapplication1\debug\link.6748-cvtres.write.1.tlog
e:\грант\windowsformsapplication14\windowsformsapplication14\windowsformsapplication1\windowsformsapplication1\debug\link.6748-rc.read.1.tlog
e:\грант\windowsformsapplication14\windowsformsapplication14\windowsformsapplication1\windowsformsapplication1\debug\link.6748-rc.write.1.tlog
e:\грант\windowsformsapplication14\windowsformsapplication14\windowsformsapplication1\windowsformsapplication1\debug\link.6748.read.1.tlog
e:\грант\windowsformsapplication14\windowsformsapplication14\windowsformsapplication1\windowsformsapplication1\debug\link.6748.write.1.tlog
e:\грант\windowsformsapplication14\windowsformsapplication14\windowsformsapplication1\windowsformsapplication1\debug\link.7408-cvtres.read.1.tlog
e:\грант\windowsformsapplication14\windowsformsapplication14\windowsformsapplication1\windowsformsapplication1\debug\link.7408-cvtres.write.1.tlog
e:\грант\windowsformsapplication14\windowsformsapplication14\windowsformsapplication1\windowsformsapplication1\debug\link.7408-rc.read.1.tlog
e:\грант\windowsformsapplication14\windowsformsapplication14\windowsformsapplication1\windowsformsapplication1\debug\link.7408-rc.write.1.tlog
e:\грант\windowsformsapplication14\windowsformsapplication14\windowsformsapplication1\windowsformsapplication1\debug\link.7408.read.1.tlog
e:\грант\windowsformsapplication14\windowsformsapplication14\windowsformsapplication1\windowsformsapplication1\debug\link.7408.write.1.tlog
e:\грант\windowsformsapplication14\windowsformsapplication14\windowsformsapplication1\windowsformsapplication1\debug\link.7860-cvtres.read.1.tlog
e:\грант\windowsformsapplication14\windowsformsapplication14\windowsformsapplication1\windowsformsapplication1\debug\link.7860-cvtres.write.1.tlog
e:\грант\windowsformsapplication14\windowsformsapplication14\windowsformsapplication1\windowsformsapplication1\debug\link.7860-rc.read.1.tlog
e:\грант\windowsformsapplication14\windowsformsapplication14\windowsformsapplication1\windowsformsapplication1\debug\link.7860-rc.write.1.tlog
e:\грант\windowsformsapplication14\windowsformsapplication14\windowsformsapplication1\windowsformsapplication1\debug\link.7860.read.1.tlog
e:\грант\windowsformsapplication14\windowsformsapplication14\windowsformsapplication1\windowsformsapplication1\debug\link.7860.write.1.tlog
e:\грант\windowsformsapplication14\windowsformsapplication14\windowsformsapplication1\windowsformsapplication1\debug\link.7940-cvtres.read.1.tlog
e:\грант\windowsformsapplication14\windowsformsapplication14\windowsformsapplication1\windowsformsapplication1\debug\link.7940-cvtres.write.1.tlog
e:\грант\windowsformsapplication14\windowsformsapplication14\windowsformsapplication1\windowsformsapplication1\debug\link.7940-rc.read.1.tlog
e:\грант\windowsformsapplication14\windowsformsapplication14\windowsformsapplication1\windowsformsapplication1\debug\link.7940-rc.write.1.tlog
e:\грант\windowsformsapplication14\windowsformsapplication14\windowsformsapplication1\windowsformsapplication1\debug\link.7940.read.1.tlog
e:\грант\windowsformsapplication14\windowsformsapplication14\windowsformsapplication1\windowsformsapplication1\debug\link.7940.write.1.tlog
e:\грант\windowsformsapplication14\windowsformsapplication14\windowsformsapplication1\windowsformsapplication1\debug\link.command.1.tlog
e:\грант\windowsformsapplication14\windowsformsapplication14\windowsformsapplication1\windowsformsapplication1\debug\link.read.1.tlog
e:\грант\windowsformsapplication14\windowsformsapplication14\windowsformsapplication1\windowsformsapplication1\debug\link.write.1.tlog
e:\грант\windowsformsapplication14\windowsformsapplication14\windowsformsapplication1\windowsformsapplication1\debug\metagen.read.1.tlog
e:\грант\windowsformsapplication14\windowsformsapplication14\windowsformsapplication1\windowsformsapplication1\debug\metagen.write.1.tlog
e:\грант\windowsformsapplication14\windowsformsapplication14\windowsformsapplication1\windowsformsapplication1\debug\rc.command.1.tlog
e:\грант\windowsformsapplication14\windowsformsapplication14\windowsformsapplication1\windowsformsapplication1\debug\rc.read.1.tlog
e:\грант\windowsformsapplication14\windowsformsapplication14\windowsformsapplication1\windowsformsapplication1\debug\rc.write.1.tlog
e:\грант\windowsformsapplication14\windowsformsapplication14\windowsformsapplication1\windowsformsapplication1\debug\windowsformsapplication1.write.1.tlog
e:\грант\windowsformsapplication14\windowsformsapplication14\windowsformsapplication1\windowsformsapplication1\debug\vc110.pdb
e:\грант\windowsformsapplication14\windowsformsapplication14\windowsformsapplication1\windowsformsapplication1\debug\rsaenh.dll.bi
e:\грант\windowsformsapplication14\windowsformsapplication14\windowsformsapplication1\windowsformsapplication1\debug\tzres.dll.bi
e:\грант\windowsformsapplication14\windowsformsapplication14\windowsformsapplication1\windowsformsapplication1\debug\windowsf.6c8b9ef8.tlog\cl.command.1.tlog
e:\грант\windowsformsapplication14\windowsformsapplication14\windowsformsapplication1\windowsformsapplication1\debug\windowsf.6c8b9ef8.tlog\cl.read.1.tlog
e:\грант\windowsformsapplication14\windowsformsapplication14\windowsformsapplication1\windowsformsapplication1\debug\windowsf.6c8b9ef8.tlog\cl.write.1.tlog
e:\грант\windowsformsapplication14\windowsformsapplication14\windowsformsapplication1\windowsformsapplication1\debug\windowsf.6c8b9ef8.tlog\link.command.1.tlog
e:\грант\windowsformsapplication14\windowsformsapplication14\windowsformsapplication1\windowsformsapplication1\debug\windowsf.6c8b9ef8.tlog\link.read.1.tlog
e:\грант\windowsformsapplication14\windowsformsapplication14\windowsformsapplication1\windowsformsapplication1\debug\windowsf.6c8b9ef8.tlog\link.write.1.tlog
e:\грант\windowsformsapplication14\windowsformsapplication14\windowsformsapplication1\windowsformsapplication1\debug\windowsf.6c8b9ef8.tlog\metagen.read.1.tlog
e:\грант\windowsformsapplication14\windowsformsapplication14\windowsformsapplication1\windowsformsapplication1\debug\windowsf.6c8b9ef8.tlog\metagen.write.1.tlog
e:\грант\windowsformsapplication14\windowsformsapplication14\windowsformsapplication1\windowsformsapplication1\debug\windowsf.6c8b9ef8.tlog\rc.command.1.tlog
e:\грант\windowsformsapplication14\windowsformsapplication14\windowsformsapplication1\windowsformsapplication1\debug\windowsf.6c8b9ef8.tlog\rc.read.1.tlog
e:\грант\windowsformsapplication14\windowsformsapplication14\windowsformsapplication1\windowsformsapplication1\debug\windowsf.6c8b9ef8.tlog\rc.write.1.tlog
e:\грант\windowsformsapplication14\windowsformsapplication14\windowsformsapplication1\windowsformsapplication1\debug\windowsf.6c8b9ef8.tlog\windowsformsapplication1.write.1u.tlog
e:\грант\windowsformsapplication14\windowsformsapplication14\windowsformsapplication1\windowsformsapplication1\debug\windowsf.6c8b9ef8.tlog\rsaenh.dll.bi
e:\грант\windowsformsapplication14\windowsformsapplication14\windowsformsapplication1\windowsformsapplication1\debug\windowsf.6c8b9ef8.tlog\tzres.dll.bi
